<?xml version="1.0" encoding="UTF-8"?>
<!-- Generated by org.testng.reporters.JUnitReportReporter -->
<testsuite hostname="DESKTOP-GFCOMV2" failures="0" tests="1" name="recipe_pkg.RecipeScrapping2" time="589.748" errors="0" timestamp="2023-04-25T02:38:05 EDT" skipped="0">
  <testcase classname="recipe_pkg.RecipeScrapping2" name="recipeCard" time="589.748"/>
  <system-out/>
</testsuite> <!-- recipe_pkg.RecipeScrapping2 -->
